[20:54:25] [Datafixer Bootstrap/INFO]: 269 Datafixer optimizations took 4457 milliseconds
[20:54:29] [Render thread/INFO]: Environment: Environment[sessionHost=https://sessionserver.mojang.com, servicesHost=https://api.minecraftservices.com, name=PROD]
[20:54:29] [Render thread/INFO]: Setting user: MightyFox
[20:54:29] [Render thread/INFO]: Backend library: LWJGL version 3.3.3+5
[20:54:30] [Download-2/ERROR]: Failed to fetch user properties
com.mojang.authlib.exceptions.InvalidCredentialsException: Status: 401
	at com.mojang.authlib.exceptions.MinecraftClientHttpException.toAuthenticationException(MinecraftClientHttpException.java:59) ~[authlib-6.0.58.jar:?]
	at com.mojang.authlib.yggdrasil.YggdrasilUserApiService.fetchProperties(YggdrasilUserApiService.java:150) ~[authlib-6.0.58.jar:?]
	at fue.bP(SourceFile:463) ~[1.21.8.jar:?]
	at java.base/java.util.concurrent.CompletableFuture$AsyncSupply.run(CompletableFuture.java:1768) ~[?:?]
	at java.base/java.util.concurrent.ThreadPoolExecutor.runWorker(ThreadPoolExecutor.java:1144) ~[?:?]
	at java.base/java.util.concurrent.ThreadPoolExecutor$Worker.run(ThreadPoolExecutor.java:642) ~[?:?]
	at java.base/java.lang.Thread.run(Thread.java:1583) [?:?]
Caused by: com.mojang.authlib.exceptions.MinecraftClientHttpException: Status: 401
	at com.mojang.authlib.minecraft.client.MinecraftClient.readInputStream(MinecraftClient.java:103) ~[authlib-6.0.58.jar:?]
	at com.mojang.authlib.minecraft.client.MinecraftClient.get(MinecraftClient.java:56) ~[authlib-6.0.58.jar:?]
	at com.mojang.authlib.yggdrasil.YggdrasilUserApiService.fetchProperties(YggdrasilUserApiService.java:121) ~[authlib-6.0.58.jar:?]
	... 5 more
[20:54:30] [Render thread/INFO]: Using optional rendering extensions: GL_ARB_buffer_storage, GL_KHR_debug, GL_ARB_vertex_attrib_binding, GL_ARB_direct_state_access
[20:54:31] [Render thread/INFO]: Reloading ResourceManager: vanilla
[20:54:31] [Download-2/INFO]: Could not authorize you against Realms server: javax.ws.rs.BadRequestException: Invalid session
[20:54:31] [Download-2/ERROR]: Failed to fetch Realms feature flags
fqx: Realms authentication error with message 'javax.ws.rs.BadRequestException: Invalid session'
	at foq.a(SourceFile:538) ~[1.21.8.jar:?]
	at foq.o(SourceFile:191) ~[1.21.8.jar:?]
	at java.base/java.util.concurrent.CompletableFuture$AsyncSupply.run(CompletableFuture.java:1768) ~[?:?]
	at java.base/java.util.concurrent.ThreadPoolExecutor.runWorker(ThreadPoolExecutor.java:1144) ~[?:?]
	at java.base/java.util.concurrent.ThreadPoolExecutor$Worker.run(ThreadPoolExecutor.java:642) ~[?:?]
	at java.base/java.lang.Thread.run(Thread.java:1583) [?:?]
[20:54:31] [Worker-Main-2/INFO]: Found unifont_all_no_pua-16.0.03.hex, loading
[20:54:31] [Worker-Main-3/INFO]: Found unifont_pua-16.0.03.hex, loading
[20:54:32] [Worker-Main-2/INFO]: Found unifont_jp_patch-16.0.03.hex, loading
[20:54:33] [Render thread/INFO]: OpenAL initialized on device OpenAL Soft on Динамики (High Definition Audio Device)
[20:54:33] [Render thread/INFO]: Sound engine started
[20:54:34] [Render thread/INFO]: Created: 1024x512x4 minecraft:textures/atlas/blocks.png-atlas
[20:54:34] [Render thread/INFO]: Created: 256x256x4 minecraft:textures/atlas/signs.png-atlas
[20:54:34] [Render thread/INFO]: Created: 512x512x4 minecraft:textures/atlas/shield_patterns.png-atlas
[20:54:34] [Render thread/INFO]: Created: 512x512x4 minecraft:textures/atlas/banner_patterns.png-atlas
[20:54:34] [Render thread/INFO]: Created: 2048x1024x4 minecraft:textures/atlas/armor_trims.png-atlas
[20:54:34] [Render thread/INFO]: Created: 128x64x4 minecraft:textures/atlas/decorated_pot.png-atlas
[20:54:34] [Render thread/INFO]: Created: 256x256x4 minecraft:textures/atlas/chest.png-atlas
[20:54:34] [Render thread/INFO]: Created: 512x256x4 minecraft:textures/atlas/shulker_boxes.png-atlas
[20:54:34] [Render thread/INFO]: Created: 512x256x4 minecraft:textures/atlas/beds.png-atlas
[20:54:34] [Render thread/INFO]: Created: 64x64x0 minecraft:textures/atlas/map_decorations.png-atlas
[20:54:34] [Render thread/INFO]: Created: 512x256x0 minecraft:textures/atlas/particles.png-atlas
[20:54:34] [Render thread/INFO]: Created: 512x256x0 minecraft:textures/atlas/paintings.png-atlas
[20:54:34] [Render thread/INFO]: Created: 1024x512x0 minecraft:textures/atlas/gui.png-atlas
[20:54:57] [Render thread/INFO]: Reloading ResourceManager: vanilla
[20:54:57] [Worker-Main-1/INFO]: Found unifont_all_no_pua-16.0.03.hex, loading
[20:54:57] [Worker-Main-2/INFO]: Found unifont_pua-16.0.03.hex, loading
[20:54:57] [Worker-Main-1/INFO]: Found unifont_jp_patch-16.0.03.hex, loading
[20:54:58] [Render thread/INFO]: OpenAL initialized on device OpenAL Soft on Динамики (High Definition Audio Device)
[20:54:58] [Render thread/INFO]: Sound engine started
[20:54:58] [Render thread/INFO]: Created: 1024x512x4 minecraft:textures/atlas/blocks.png-atlas
[20:54:58] [Render thread/INFO]: Created: 256x256x4 minecraft:textures/atlas/signs.png-atlas
[20:54:58] [Render thread/INFO]: Created: 512x512x4 minecraft:textures/atlas/shield_patterns.png-atlas
[20:54:58] [Render thread/INFO]: Created: 512x512x4 minecraft:textures/atlas/banner_patterns.png-atlas
[20:54:58] [Render thread/INFO]: Created: 2048x1024x4 minecraft:textures/atlas/armor_trims.png-atlas
[20:54:58] [Render thread/INFO]: Created: 128x64x4 minecraft:textures/atlas/decorated_pot.png-atlas
[20:54:58] [Render thread/INFO]: Created: 256x256x4 minecraft:textures/atlas/chest.png-atlas
[20:54:58] [Render thread/INFO]: Created: 512x256x4 minecraft:textures/atlas/shulker_boxes.png-atlas
[20:54:58] [Render thread/INFO]: Created: 512x256x4 minecraft:textures/atlas/beds.png-atlas
[20:54:58] [Render thread/INFO]: Created: 64x64x0 minecraft:textures/atlas/map_decorations.png-atlas
[20:54:58] [Render thread/INFO]: Created: 512x256x0 minecraft:textures/atlas/particles.png-atlas
[20:54:58] [Render thread/INFO]: Created: 512x256x0 minecraft:textures/atlas/paintings.png-atlas
[20:54:58] [Render thread/INFO]: Created: 1024x512x0 minecraft:textures/atlas/gui.png-atlas
[20:55:02] [IO-Worker-1/INFO]: Could not authorize you against Realms server: javax.ws.rs.BadRequestException: Invalid session
[20:55:02] [IO-Worker-1/ERROR]: Couldn't connect to realms
fqx: Realms authentication error with message 'javax.ws.rs.BadRequestException: Invalid session'
	at foq.a(SourceFile:538) ~[1.21.8.jar:?]
	at foq.i(SourceFile:318) ~[1.21.8.jar:?]
	at fok.c(SourceFile:51) ~[1.21.8.jar:?]
	at java.base/java.util.concurrent.CompletableFuture$AsyncSupply.run(CompletableFuture.java:1768) ~[?:?]
	at java.base/java.util.concurrent.ThreadPoolExecutor.runWorker(ThreadPoolExecutor.java:1144) ~[?:?]
	at java.base/java.util.concurrent.ThreadPoolExecutor$Worker.run(ThreadPoolExecutor.java:642) ~[?:?]
	at java.base/java.lang.Thread.run(Thread.java:1583) [?:?]
[20:55:06] [Render thread/INFO]: Loaded 1407 recipes
[20:55:06] [Render thread/INFO]: Loaded 1520 advancements
[20:55:08] [Render thread/INFO]: Stopping!
